0 info it worked if it ends with ok
1 verbose cli [ '/usr/local/bin/node',
1 verbose cli   '/usr/local/bin/npm',
1 verbose cli   'version',
1 verbose cli   '1.0.9.1' ]
2 info using npm@2.15.0
3 info using node@v4.4.2
4 error version No valid package.json found
5 verbose stack SyntaxError: Unexpected token }
5 verbose stack     at Object.parse (native)
5 verbose stack     at /usr/local/lib/node_modules/npm/lib/version.js:35:19
5 verbose stack     at /usr/local/lib/node_modules/npm/node_modules/graceful-fs/graceful-fs.js:78:16
5 verbose stack     at FSReqWrap.readFileAfterClose [as oncomplete] (fs.js:380:3)
6 verbose cwd /Users/rachelburke/seattle-javascript-401d7/framework/kombucha/framework
7 error Darwin 14.5.0
8 error argv "/usr/local/bin/node" "/usr/local/bin/npm" "version" "1.0.9.1"
9 error node v4.4.2
10 error npm  v2.15.0
11 error Unexpected token }
12 error If you need help, you may report this error at:
12 error     <https://github.com/npm/npm/issues>
13 verbose exit [ 1, true ]
